The target system is: Generic -  - 
The host system is: Linux - 5.4.0-73-generic - x86_64
Checking whether the ASM compiler is GNU using "--version" matched "(GNU assembler)|(GCC)|(Free Software Foundation)":
arm-linux-gnueabihf-gcc (GNU Toolchain for the A-profile Architecture 8.3-2019.03 (arm-rel-8.36)) 8.3.0
Copyright (C) 2018 Free Software Foundation, Inc.
This is free software; see the source for copying conditions.  There is NO
warranty; not even for MERCHANTABILITY or FITNESS FOR A PARTICULAR PURPOSE.

Compiling the C compiler identification source file "CMakeCCompilerId.c" succeeded.
Compiler: /home/zyx/toolchain/gcc-arm-8.3-2019.03-x86_64-arm-linux-gnueabihf/bin/arm-linux-gnueabihf-gcc 
Build flags: 
Id flags:  

The output was:
0


Compilation of the C compiler identification source "CMakeCCompilerId.c" produced "a.out"

The C compiler identification is GNU, found in "/home/zyx/repos/rv1126_bsp/projects/rv1126_vi_yolov5_vo/build/CMakeFiles/3.10.2/CompilerIdC/a.out"

Compiling the CXX compiler identification source file "CMakeCXXCompilerId.cpp" succeeded.
Compiler: /home/zyx/toolchain/gcc-arm-8.3-2019.03-x86_64-arm-linux-gnueabihf/bin/arm-linux-gnueabihf-g++ 
Build flags: 
Id flags:  

The output was:
0


Compilation of the CXX compiler identification source "CMakeCXXCompilerId.cpp" produced "a.out"

The CXX compiler identification is GNU, found in "/home/zyx/repos/rv1126_bsp/projects/rv1126_vi_yolov5_vo/build/CMakeFiles/3.10.2/CompilerIdCXX/a.out"

Detecting C compiler ABI info compiled with the following output:
Change Dir: /home/zyx/repos/rv1126_bsp/projects/rv1126_vi_yolov5_vo/build/CMakeFiles/CMakeTmp

Run Build Command:"/usr/bin/make" "cmTC_7cf93/fast"
/usr/bin/make -f CMakeFiles/cmTC_7cf93.dir/build.make CMakeFiles/cmTC_7cf93.dir/build
make[1]: Entering directory '/home/zyx/repos/rv1126_bsp/projects/rv1126_vi_yolov5_vo/build/CMakeFiles/CMakeTmp'
Building C object CMakeFiles/cmTC_7cf93.dir/CMakeCCompilerABI.c.obj
/home/zyx/toolchain/gcc-arm-8.3-2019.03-x86_64-arm-linux-gnueabihf/bin/arm-linux-gnueabihf-gcc    -o CMakeFiles/cmTC_7cf93.dir/CMakeCCompilerABI.c.obj   -c /usr/share/cmake-3.10/Modules/CMakeCCompilerABI.c
Linking C executable cmTC_7cf93
/usr/bin/cmake -E cmake_link_script CMakeFiles/cmTC_7cf93.dir/link.txt --verbose=1
/home/zyx/toolchain/gcc-arm-8.3-2019.03-x86_64-arm-linux-gnueabihf/bin/arm-linux-gnueabihf-gcc     -v CMakeFiles/cmTC_7cf93.dir/CMakeCCompilerABI.c.obj  -o cmTC_7cf93 
Using built-in specs.
COLLECT_GCC=/home/zyx/toolchain/gcc-arm-8.3-2019.03-x86_64-arm-linux-gnueabihf/bin/arm-linux-gnueabihf-gcc
COLLECT_LTO_WRAPPER=/home/zyx/toolchain/gcc-arm-8.3-2019.03-x86_64-arm-linux-gnueabihf/bin/../libexec/gcc/arm-linux-gnueabihf/8.3.0/lto-wrapper
Target: arm-linux-gnueabihf
Configured with: /tmp/dgboter/bbs/rhev-vm8--rhe6x86_64/buildbot/rhe6x86_64--arm-linux-gnueabihf/build/src/gcc/configure --target=arm-linux-gnueabihf --prefix= --with-sysroot=/arm-linux-gnueabihf/libc --with-build-sysroot=/tmp/dgboter/bbs/rhev-vm8--rhe6x86_64/buildbot/rhe6x86_64--arm-linux-gnueabihf/build/build-arm-linux-gnueabihf/install//arm-linux-gnueabihf/libc --with-bugurl=https://bugs.linaro.org/ --enable-gnu-indirect-function --enable-shared --disable-libssp --disable-libmudflap --enable-checking=release --enable-languages=c,c++,fortran --with-gmp=/tmp/dgboter/bbs/rhev-vm8--rhe6x86_64/buildbot/rhe6x86_64--arm-linux-gnueabihf/build/build-arm-linux-gnueabihf/host-tools --with-mpfr=/tmp/dgboter/bbs/rhev-vm8--rhe6x86_64/buildbot/rhe6x86_64--arm-linux-gnueabihf/build/build-arm-linux-gnueabihf/host-tools --with-mpc=/tmp/dgboter/bbs/rhev-vm8--rhe6x86_64/buildbot/rhe6x86_64--arm-linux-gnueabihf/build/build-arm-linux-gnueabihf/host-tools --with-isl=/tmp/dgboter/bbs/rhev-vm8--rhe6x86_64/buildbot/rhe6x86_64--arm-linux-gnueabihf/build/build-arm-linux-gnueabihf/host-tools --with-arch=armv7-a --with-fpu=neon --with-float=hard --with-arch=armv7-a --with-pkgversion='GNU Toolchain for the A-profile Architecture 8.3-2019.03 (arm-rel-8.36)'
Thread model: posix
gcc version 8.3.0 (GNU Toolchain for the A-profile Architecture 8.3-2019.03 (arm-rel-8.36)) 
COMPILER_PATH=/home/zyx/toolchain/gcc-arm-8.3-2019.03-x86_64-arm-linux-gnueabihf/bin/../libexec/gcc/arm-linux-gnueabihf/8.3.0/:/home/zyx/toolchain/gcc-arm-8.3-2019.03-x86_64-arm-linux-gnueabihf/bin/../libexec/gcc/:/home/zyx/toolchain/gcc-arm-8.3-2019.03-x86_64-arm-linux-gnueabihf/bin/../lib/gcc/arm-linux-gnueabihf/8.3.0/../../../../arm-linux-gnueabihf/bin/
LIBRARY_PATH=/home/zyx/toolchain/gcc-arm-8.3-2019.03-x86_64-arm-linux-gnueabihf/bin/../lib/gcc/arm-linux-gnueabihf/8.3.0/:/home/zyx/toolchain/gcc-arm-8.3-2019.03-x86_64-arm-linux-gnueabihf/bin/../lib/gcc/:/home/zyx/toolchain/gcc-arm-8.3-2019.03-x86_64-arm-linux-gnueabihf/bin/../lib/gcc/arm-linux-gnueabihf/8.3.0/../../../../arm-linux-gnueabihf/lib/:/home/zyx/toolchain/gcc-arm-8.3-2019.03-x86_64-arm-linux-gnueabihf/bin/../arm-linux-gnueabihf/libc/lib/:/home/zyx/toolchain/gcc-arm-8.3-2019.03-x86_64-arm-linux-gnueabihf/bin/../arm-linux-gnueabihf/libc/usr/lib/
COLLECT_GCC_OPTIONS='-v' '-o' 'cmTC_7cf93'  '-mfloat-abi=hard' '-mfpu=neon' '-mtls-dialect=gnu' '-marm' '-march=armv7-a+simd'
 /home/zyx/toolchain/gcc-arm-8.3-2019.03-x86_64-arm-linux-gnueabihf/bin/../libexec/gcc/arm-linux-gnueabihf/8.3.0/collect2 -plugin /home/zyx/toolchain/gcc-arm-8.3-2019.03-x86_64-arm-linux-gnueabihf/bin/../libexec/gcc/arm-linux-gnueabihf/8.3.0/liblto_plugin.so -plugin-opt=/home/zyx/toolchain/gcc-arm-8.3-2019.03-x86_64-arm-linux-gnueabihf/bin/../libexec/gcc/arm-linux-gnueabihf/8.3.0/lto-wrapper -plugin-opt=-fresolution=/tmp/ccS8gcJR.res -plugin-opt=-pass-through=-lgcc -plugin-opt=-pass-through=-lgcc_s -plugin-opt=-pass-through=-lc -plugin-opt=-pass-through=-lgcc -plugin-opt=-pass-through=-lgcc_s --sysroot=/home/zyx/toolchain/gcc-arm-8.3-2019.03-x86_64-arm-linux-gnueabihf/bin/../arm-linux-gnueabihf/libc --eh-frame-hdr -dynamic-linker /lib/ld-linux-armhf.so.3 -X -m armelf_linux_eabi -o cmTC_7cf93 /home/zyx/toolchain/gcc-arm-8.3-2019.03-x86_64-arm-linux-gnueabihf/bin/../arm-linux-gnueabihf/libc/usr/lib/crt1.o /home/zyx/toolchain/gcc-arm-8.3-2019.03-x86_64-arm-linux-gnueabihf/bin/../arm-linux-gnueabihf/libc/usr/lib/crti.o /home/zyx/toolchain/gcc-arm-8.3-2019.03-x86_64-arm-linux-gnueabihf/bin/../lib/gcc/arm-linux-gnueabihf/8.3.0/crtbegin.o -L/home/zyx/toolchain/gcc-arm-8.3-2019.03-x86_64-arm-linux-gnueabihf/bin/../lib/gcc/arm-linux-gnueabihf/8.3.0 -L/home/zyx/toolchain/gcc-arm-8.3-2019.03-x86_64-arm-linux-gnueabihf/bin/../lib/gcc -L/home/zyx/toolchain/gcc-arm-8.3-2019.03-x86_64-arm-linux-gnueabihf/bin/../lib/gcc/arm-linux-gnueabihf/8.3.0/../../../../arm-linux-gnueabihf/lib -L/home/zyx/toolchain/gcc-arm-8.3-2019.03-x86_64-arm-linux-gnueabihf/bin/../arm-linux-gnueabihf/libc/lib -L/home/zyx/toolchain/gcc-arm-8.3-2019.03-x86_64-arm-linux-gnueabihf/bin/../arm-linux-gnueabihf/libc/usr/lib CMakeFiles/cmTC_7cf93.dir/CMakeCCompilerABI.c.obj -lgcc --as-needed -lgcc_s --no-as-needed -lc -lgcc --as-needed -lgcc_s --no-as-needed /home/zyx/toolchain/gcc-arm-8.3-2019.03-x86_64-arm-linux-gnueabihf/bin/../lib/gcc/arm-linux-gnueabihf/8.3.0/crtend.o /home/zyx/toolchain/gcc-arm-8.3-2019.03-x86_64-arm-linux-gnueabihf/bin/../arm-linux-gnueabihf/libc/usr/lib/crtn.o
COLLECT_GCC_OPTIONS='-v' '-o' 'cmTC_7cf93'  '-mfloat-abi=hard' '-mfpu=neon' '-mtls-dialect=gnu' '-marm' '-march=armv7-a+simd'
make[1]: Leaving directory '/home/zyx/repos/rv1126_bsp/projects/rv1126_vi_yolov5_vo/build/CMakeFiles/CMakeTmp'


Parsed C implicit link information from above output:
  link line regex: [^( *|.*[/\])(CMAKE_LINKER-NOTFOUND|CMAKE_LINK_STARTFILE-NOTFOUND|([^/\]+-)?ld|collect2)[^/\]*( |$)]
  ignore line: [Change Dir: /home/zyx/repos/rv1126_bsp/projects/rv1126_vi_yolov5_vo/build/CMakeFiles/CMakeTmp]
  ignore line: []
  ignore line: [Run Build Command:"/usr/bin/make" "cmTC_7cf93/fast"]
  ignore line: [/usr/bin/make -f CMakeFiles/cmTC_7cf93.dir/build.make CMakeFiles/cmTC_7cf93.dir/build]
  ignore line: [make[1]: Entering directory '/home/zyx/repos/rv1126_bsp/projects/rv1126_vi_yolov5_vo/build/CMakeFiles/CMakeTmp']
  ignore line: [Building C object CMakeFiles/cmTC_7cf93.dir/CMakeCCompilerABI.c.obj]
  ignore line: [/home/zyx/toolchain/gcc-arm-8.3-2019.03-x86_64-arm-linux-gnueabihf/bin/arm-linux-gnueabihf-gcc    -o CMakeFiles/cmTC_7cf93.dir/CMakeCCompilerABI.c.obj   -c /usr/share/cmake-3.10/Modules/CMakeCCompilerABI.c]
  ignore line: [Linking C executable cmTC_7cf93]
  ignore line: [/usr/bin/cmake -E cmake_link_script CMakeFiles/cmTC_7cf93.dir/link.txt --verbose=1]
  ignore line: [/home/zyx/toolchain/gcc-arm-8.3-2019.03-x86_64-arm-linux-gnueabihf/bin/arm-linux-gnueabihf-gcc     -v CMakeFiles/cmTC_7cf93.dir/CMakeCCompilerABI.c.obj  -o cmTC_7cf93 ]
  ignore line: [Using built-in specs.]
  ignore line: [COLLECT_GCC=/home/zyx/toolchain/gcc-arm-8.3-2019.03-x86_64-arm-linux-gnueabihf/bin/arm-linux-gnueabihf-gcc]
  ignore line: [COLLECT_LTO_WRAPPER=/home/zyx/toolchain/gcc-arm-8.3-2019.03-x86_64-arm-linux-gnueabihf/bin/../libexec/gcc/arm-linux-gnueabihf/8.3.0/lto-wrapper]
  ignore line: [Target: arm-linux-gnueabihf]
  ignore line: [Configured with: /tmp/dgboter/bbs/rhev-vm8--rhe6x86_64/buildbot/rhe6x86_64--arm-linux-gnueabihf/build/src/gcc/configure --target=arm-linux-gnueabihf --prefix= --with-sysroot=/arm-linux-gnueabihf/libc --with-build-sysroot=/tmp/dgboter/bbs/rhev-vm8--rhe6x86_64/buildbot/rhe6x86_64--arm-linux-gnueabihf/build/build-arm-linux-gnueabihf/install//arm-linux-gnueabihf/libc --with-bugurl=https://bugs.linaro.org/ --enable-gnu-indirect-function --enable-shared --disable-libssp --disable-libmudflap --enable-checking=release --enable-languages=c,c++,fortran --with-gmp=/tmp/dgboter/bbs/rhev-vm8--rhe6x86_64/buildbot/rhe6x86_64--arm-linux-gnueabihf/build/build-arm-linux-gnueabihf/host-tools --with-mpfr=/tmp/dgboter/bbs/rhev-vm8--rhe6x86_64/buildbot/rhe6x86_64--arm-linux-gnueabihf/build/build-arm-linux-gnueabihf/host-tools --with-mpc=/tmp/dgboter/bbs/rhev-vm8--rhe6x86_64/buildbot/rhe6x86_64--arm-linux-gnueabihf/build/build-arm-linux-gnueabihf/host-tools --with-isl=/tmp/dgboter/bbs/rhev-vm8--rhe6x86_64/buildbot/rhe6x86_64--arm-linux-gnueabihf/build/build-arm-linux-gnueabihf/host-tools --with-arch=armv7-a --with-fpu=neon --with-float=hard --with-arch=armv7-a --with-pkgversion='GNU Toolchain for the A-profile Architecture 8.3-2019.03 (arm-rel-8.36)']
  ignore line: [Thread model: posix]
  ignore line: [gcc version 8.3.0 (GNU Toolchain for the A-profile Architecture 8.3-2019.03 (arm-rel-8.36)) ]
  ignore line: [COMPILER_PATH=/home/zyx/toolchain/gcc-arm-8.3-2019.03-x86_64-arm-linux-gnueabihf/bin/../libexec/gcc/arm-linux-gnueabihf/8.3.0/:/home/zyx/toolchain/gcc-arm-8.3-2019.03-x86_64-arm-linux-gnueabihf/bin/../libexec/gcc/:/home/zyx/toolchain/gcc-arm-8.3-2019.03-x86_64-arm-linux-gnueabihf/bin/../lib/gcc/arm-linux-gnueabihf/8.3.0/../../../../arm-linux-gnueabihf/bin/]
  ignore line: [LIBRARY_PATH=/home/zyx/toolchain/gcc-arm-8.3-2019.03-x86_64-arm-linux-gnueabihf/bin/../lib/gcc/arm-linux-gnueabihf/8.3.0/:/home/zyx/toolchain/gcc-arm-8.3-2019.03-x86_64-arm-linux-gnueabihf/bin/../lib/gcc/:/home/zyx/toolchain/gcc-arm-8.3-2019.03-x86_64-arm-linux-gnueabihf/bin/../lib/gcc/arm-linux-gnueabihf/8.3.0/../../../../arm-linux-gnueabihf/lib/:/home/zyx/toolchain/gcc-arm-8.3-2019.03-x86_64-arm-linux-gnueabihf/bin/../arm-linux-gnueabihf/libc/lib/:/home/zyx/toolchain/gcc-arm-8.3-2019.03-x86_64-arm-linux-gnueabihf/bin/../arm-linux-gnueabihf/libc/usr/lib/]
  ignore line: [COLLECT_GCC_OPTIONS='-v' '-o' 'cmTC_7cf93'  '-mfloat-abi=hard' '-mfpu=neon' '-mtls-dialect=gnu' '-marm' '-march=armv7-a+simd']
  link line: [ /home/zyx/toolchain/gcc-arm-8.3-2019.03-x86_64-arm-linux-gnueabihf/bin/../libexec/gcc/arm-linux-gnueabihf/8.3.0/collect2 -plugin /home/zyx/toolchain/gcc-arm-8.3-2019.03-x86_64-arm-linux-gnueabihf/bin/../libexec/gcc/arm-linux-gnueabihf/8.3.0/liblto_plugin.so -plugin-opt=/home/zyx/toolchain/gcc-arm-8.3-2019.03-x86_64-arm-linux-gnueabihf/bin/../libexec/gcc/arm-linux-gnueabihf/8.3.0/lto-wrapper -plugin-opt=-fresolution=/tmp/ccS8gcJR.res -plugin-opt=-pass-through=-lgcc -plugin-opt=-pass-through=-lgcc_s -plugin-opt=-pass-through=-lc -plugin-opt=-pass-through=-lgcc -plugin-opt=-pass-through=-lgcc_s --sysroot=/home/zyx/toolchain/gcc-arm-8.3-2019.03-x86_64-arm-linux-gnueabihf/bin/../arm-linux-gnueabihf/libc --eh-frame-hdr -dynamic-linker /lib/ld-linux-armhf.so.3 -X -m armelf_linux_eabi -o cmTC_7cf93 /home/zyx/toolchain/gcc-arm-8.3-2019.03-x86_64-arm-linux-gnueabihf/bin/../arm-linux-gnueabihf/libc/usr/lib/crt1.o /home/zyx/toolchain/gcc-arm-8.3-2019.03-x86_64-arm-linux-gnueabihf/bin/../arm-linux-gnueabihf/libc/usr/lib/crti.o /home/zyx/toolchain/gcc-arm-8.3-2019.03-x86_64-arm-linux-gnueabihf/bin/../lib/gcc/arm-linux-gnueabihf/8.3.0/crtbegin.o -L/home/zyx/toolchain/gcc-arm-8.3-2019.03-x86_64-arm-linux-gnueabihf/bin/../lib/gcc/arm-linux-gnueabihf/8.3.0 -L/home/zyx/toolchain/gcc-arm-8.3-2019.03-x86_64-arm-linux-gnueabihf/bin/../lib/gcc -L/home/zyx/toolchain/gcc-arm-8.3-2019.03-x86_64-arm-linux-gnueabihf/bin/../lib/gcc/arm-linux-gnueabihf/8.3.0/../../../../arm-linux-gnueabihf/lib -L/home/zyx/toolchain/gcc-arm-8.3-2019.03-x86_64-arm-linux-gnueabihf/bin/../arm-linux-gnueabihf/libc/lib -L/home/zyx/toolchain/gcc-arm-8.3-2019.03-x86_64-arm-linux-gnueabihf/bin/../arm-linux-gnueabihf/libc/usr/lib CMakeFiles/cmTC_7cf93.dir/CMakeCCompilerABI.c.obj -lgcc --as-needed -lgcc_s --no-as-needed -lc -lgcc --as-needed -lgcc_s --no-as-needed /home/zyx/toolchain/gcc-arm-8.3-2019.03-x86_64-arm-linux-gnueabihf/bin/../lib/gcc/arm-linux-gnueabihf/8.3.0/crtend.o /home/zyx/toolchain/gcc-arm-8.3-2019.03-x86_64-arm-linux-gnueabihf/bin/../arm-linux-gnueabihf/libc/usr/lib/crtn.o]
    arg [/home/zyx/toolchain/gcc-arm-8.3-2019.03-x86_64-arm-linux-gnueabihf/bin/../libexec/gcc/arm-linux-gnueabihf/8.3.0/collect2] ==> ignore
    arg [-plugin] ==> ignore
    arg [/home/zyx/toolchain/gcc-arm-8.3-2019.03-x86_64-arm-linux-gnueabihf/bin/../libexec/gcc/arm-linux-gnueabihf/8.3.0/liblto_plugin.so] ==> ignore
    arg [-plugin-opt=/home/zyx/toolchain/gcc-arm-8.3-2019.03-x86_64-arm-linux-gnueabihf/bin/../libexec/gcc/arm-linux-gnueabihf/8.3.0/lto-wrapper] ==> ignore
    arg [-plugin-opt=-fresolution=/tmp/ccS8gcJR.res] ==> ignore
    arg [-plugin-opt=-pass-through=-lgcc] ==> ignore
    arg [-plugin-opt=-pass-through=-lgcc_s] ==> ignore
    arg [-plugin-opt=-pass-through=-lc] ==> ignore
    arg [-plugin-opt=-pass-through=-lgcc] ==> ignore
    arg [-plugin-opt=-pass-through=-lgcc_s] ==> ignore
    arg [--sysroot=/home/zyx/toolchain/gcc-arm-8.3-2019.03-x86_64-arm-linux-gnueabihf/bin/../arm-linux-gnueabihf/libc] ==> ignore
    arg [--eh-frame-hdr] ==> ignore
    arg [-dynamic-linker] ==> ignore
    arg [/lib/ld-linux-armhf.so.3] ==> ignore
    arg [-X] ==> ignore
    arg [-m] ==> ignore
    arg [armelf_linux_eabi] ==> ignore
    arg [-o] ==> ignore
    arg [cmTC_7cf93] ==> ignore
    arg [/home/zyx/toolchain/gcc-arm-8.3-2019.03-x86_64-arm-linux-gnueabihf/bin/../arm-linux-gnueabihf/libc/usr/lib/crt1.o] ==> ignore
    arg [/home/zyx/toolchain/gcc-arm-8.3-2019.03-x86_64-arm-linux-gnueabihf/bin/../arm-linux-gnueabihf/libc/usr/lib/crti.o] ==> ignore
    arg [/home/zyx/toolchain/gcc-arm-8.3-2019.03-x86_64-arm-linux-gnueabihf/bin/../lib/gcc/arm-linux-gnueabihf/8.3.0/crtbegin.o] ==> ignore
    arg [-L/home/zyx/toolchain/gcc-arm-8.3-2019.03-x86_64-arm-linux-gnueabihf/bin/../lib/gcc/arm-linux-gnueabihf/8.3.0] ==> dir [/home/zyx/toolchain/gcc-arm-8.3-2019.03-x86_64-arm-linux-gnueabihf/bin/../lib/gcc/arm-linux-gnueabihf/8.3.0]
    arg [-L/home/zyx/toolchain/gcc-arm-8.3-2019.03-x86_64-arm-linux-gnueabihf/bin/../lib/gcc] ==> dir [/home/zyx/toolchain/gcc-arm-8.3-2019.03-x86_64-arm-linux-gnueabihf/bin/../lib/gcc]
    arg [-L/home/zyx/toolchain/gcc-arm-8.3-2019.03-x86_64-arm-linux-gnueabihf/bin/../lib/gcc/arm-linux-gnueabihf/8.3.0/../../../../arm-linux-gnueabihf/lib] ==> dir [/home/zyx/toolchain/gcc-arm-8.3-2019.03-x86_64-arm-linux-gnueabihf/bin/../lib/gcc/arm-linux-gnueabihf/8.3.0/../../../../arm-linux-gnueabihf/lib]
    arg [-L/home/zyx/toolchain/gcc-arm-8.3-2019.03-x86_64-arm-linux-gnueabihf/bin/../arm-linux-gnueabihf/libc/lib] ==> dir [/home/zyx/toolchain/gcc-arm-8.3-2019.03-x86_64-arm-linux-gnueabihf/bin/../arm-linux-gnueabihf/libc/lib]
    arg [-L/home/zyx/toolchain/gcc-arm-8.3-2019.03-x86_64-arm-linux-gnueabihf/bin/../arm-linux-gnueabihf/libc/usr/lib] ==> dir [/home/zyx/toolchain/gcc-arm-8.3-2019.03-x86_64-arm-linux-gnueabihf/bin/../arm-linux-gnueabihf/libc/usr/lib]
    arg [CMakeFiles/cmTC_7cf93.dir/CMakeCCompilerABI.c.obj] ==> ignore
    arg [-lgcc] ==> lib [gcc]
    arg [--as-needed] ==> ignore
    arg [-lgcc_s] ==> lib [gcc_s]
    arg [--no-as-needed] ==> ignore
    arg [-lc] ==> lib [c]
    arg [-lgcc] ==> lib [gcc]
    arg [--as-needed] ==> ignore
    arg [-lgcc_s] ==> lib [gcc_s]
    arg [--no-as-needed] ==> ignore
    arg [/home/zyx/toolchain/gcc-arm-8.3-2019.03-x86_64-arm-linux-gnueabihf/bin/../lib/gcc/arm-linux-gnueabihf/8.3.0/crtend.o] ==> ignore
    arg [/home/zyx/toolchain/gcc-arm-8.3-2019.03-x86_64-arm-linux-gnueabihf/bin/../arm-linux-gnueabihf/libc/usr/lib/crtn.o] ==> ignore
  collapse library dir [/home/zyx/toolchain/gcc-arm-8.3-2019.03-x86_64-arm-linux-gnueabihf/bin/../lib/gcc/arm-linux-gnueabihf/8.3.0] ==> [/home/zyx/toolchain/gcc-arm-8.3-2019.03-x86_64-arm-linux-gnueabihf/lib/gcc/arm-linux-gnueabihf/8.3.0]
  collapse library dir [/home/zyx/toolchain/gcc-arm-8.3-2019.03-x86_64-arm-linux-gnueabihf/bin/../lib/gcc] ==> [/home/zyx/toolchain/gcc-arm-8.3-2019.03-x86_64-arm-linux-gnueabihf/lib/gcc]
  collapse library dir [/home/zyx/toolchain/gcc-arm-8.3-2019.03-x86_64-arm-linux-gnueabihf/bin/../lib/gcc/arm-linux-gnueabihf/8.3.0/../../../../arm-linux-gnueabihf/lib] ==> [/home/zyx/toolchain/gcc-arm-8.3-2019.03-x86_64-arm-linux-gnueabihf/arm-linux-gnueabihf/lib]
  collapse library dir [/home/zyx/toolchain/gcc-arm-8.3-2019.03-x86_64-arm-linux-gnueabihf/bin/../arm-linux-gnueabihf/libc/lib] ==> [/home/zyx/toolchain/gcc-arm-8.3-2019.03-x86_64-arm-linux-gnueabihf/arm-linux-gnueabihf/libc/lib]
  collapse library dir [/home/zyx/toolchain/gcc-arm-8.3-2019.03-x86_64-arm-linux-gnueabihf/bin/../arm-linux-gnueabihf/libc/usr/lib] ==> [/home/zyx/toolchain/gcc-arm-8.3-2019.03-x86_64-arm-linux-gnueabihf/arm-linux-gnueabihf/libc/usr/lib]
  implicit libs: [gcc;gcc_s;c;gcc;gcc_s]
  implicit dirs: [/home/zyx/toolchain/gcc-arm-8.3-2019.03-x86_64-arm-linux-gnueabihf/lib/gcc/arm-linux-gnueabihf/8.3.0;/home/zyx/toolchain/gcc-arm-8.3-2019.03-x86_64-arm-linux-gnueabihf/lib/gcc;/home/zyx/toolchain/gcc-arm-8.3-2019.03-x86_64-arm-linux-gnueabihf/arm-linux-gnueabihf/lib;/home/zyx/toolchain/gcc-arm-8.3-2019.03-x86_64-arm-linux-gnueabihf/arm-linux-gnueabihf/libc/lib;/home/zyx/toolchain/gcc-arm-8.3-2019.03-x86_64-arm-linux-gnueabihf/arm-linux-gnueabihf/libc/usr/lib]
  implicit fwks: []




Detecting C [-std=c11] compiler features compiled with the following output:
Change Dir: /home/zyx/repos/rv1126_bsp/projects/rv1126_vi_yolov5_vo/build/CMakeFiles/CMakeTmp

Run Build Command:"/usr/bin/make" "cmTC_93525/fast"
/usr/bin/make -f CMakeFiles/cmTC_93525.dir/build.make CMakeFiles/cmTC_93525.dir/build
make[1]: Entering directory '/home/zyx/repos/rv1126_bsp/projects/rv1126_vi_yolov5_vo/build/CMakeFiles/CMakeTmp'
Building C object CMakeFiles/cmTC_93525.dir/feature_tests.c.obj
/home/zyx/toolchain/gcc-arm-8.3-2019.03-x86_64-arm-linux-gnueabihf/bin/arm-linux-gnueabihf-gcc   -std=c11 -o CMakeFiles/cmTC_93525.dir/feature_tests.c.obj   -c /home/zyx/repos/rv1126_bsp/projects/rv1126_vi_yolov5_vo/build/CMakeFiles/feature_tests.c
Linking C executable cmTC_93525
/usr/bin/cmake -E cmake_link_script CMakeFiles/cmTC_93525.dir/link.txt --verbose=1
/home/zyx/toolchain/gcc-arm-8.3-2019.03-x86_64-arm-linux-gnueabihf/bin/arm-linux-gnueabihf-gcc      CMakeFiles/cmTC_93525.dir/feature_tests.c.obj  -o cmTC_93525 
make[1]: Leaving directory '/home/zyx/repos/rv1126_bsp/projects/rv1126_vi_yolov5_vo/build/CMakeFiles/CMakeTmp'


    Feature record: C_FEATURE:1c_function_prototypes
    Feature record: C_FEATURE:1c_restrict
    Feature record: C_FEATURE:1c_static_assert
    Feature record: C_FEATURE:1c_variadic_macros


Detecting C [-std=c99] compiler features compiled with the following output:
Change Dir: /home/zyx/repos/rv1126_bsp/projects/rv1126_vi_yolov5_vo/build/CMakeFiles/CMakeTmp

Run Build Command:"/usr/bin/make" "cmTC_f57a5/fast"
/usr/bin/make -f CMakeFiles/cmTC_f57a5.dir/build.make CMakeFiles/cmTC_f57a5.dir/build
make[1]: Entering directory '/home/zyx/repos/rv1126_bsp/projects/rv1126_vi_yolov5_vo/build/CMakeFiles/CMakeTmp'
Building C object CMakeFiles/cmTC_f57a5.dir/feature_tests.c.obj
/home/zyx/toolchain/gcc-arm-8.3-2019.03-x86_64-arm-linux-gnueabihf/bin/arm-linux-gnueabihf-gcc   -std=c99 -o CMakeFiles/cmTC_f57a5.dir/feature_tests.c.obj   -c /home/zyx/repos/rv1126_bsp/projects/rv1126_vi_yolov5_vo/build/CMakeFiles/feature_tests.c
Linking C executable cmTC_f57a5
/usr/bin/cmake -E cmake_link_script CMakeFiles/cmTC_f57a5.dir/link.txt --verbose=1
/home/zyx/toolchain/gcc-arm-8.3-2019.03-x86_64-arm-linux-gnueabihf/bin/arm-linux-gnueabihf-gcc      CMakeFiles/cmTC_f57a5.dir/feature_tests.c.obj  -o cmTC_f57a5 
make[1]: Leaving directory '/home/zyx/repos/rv1126_bsp/projects/rv1126_vi_yolov5_vo/build/CMakeFiles/CMakeTmp'


    Feature record: C_FEATURE:1c_function_prototypes
    Feature record: C_FEATURE:1c_restrict
    Feature record: C_FEATURE:0c_static_assert
    Feature record: C_FEATURE:1c_variadic_macros


Detecting C [-std=c90] compiler features compiled with the following output:
Change Dir: /home/zyx/repos/rv1126_bsp/projects/rv1126_vi_yolov5_vo/build/CMakeFiles/CMakeTmp

Run Build Command:"/usr/bin/make" "cmTC_20826/fast"
/usr/bin/make -f CMakeFiles/cmTC_20826.dir/build.make CMakeFiles/cmTC_20826.dir/build
make[1]: Entering directory '/home/zyx/repos/rv1126_bsp/projects/rv1126_vi_yolov5_vo/build/CMakeFiles/CMakeTmp'
Building C object CMakeFiles/cmTC_20826.dir/feature_tests.c.obj
/home/zyx/toolchain/gcc-arm-8.3-2019.03-x86_64-arm-linux-gnueabihf/bin/arm-linux-gnueabihf-gcc   -std=c90 -o CMakeFiles/cmTC_20826.dir/feature_tests.c.obj   -c /home/zyx/repos/rv1126_bsp/projects/rv1126_vi_yolov5_vo/build/CMakeFiles/feature_tests.c
Linking C executable cmTC_20826
/usr/bin/cmake -E cmake_link_script CMakeFiles/cmTC_20826.dir/link.txt --verbose=1
/home/zyx/toolchain/gcc-arm-8.3-2019.03-x86_64-arm-linux-gnueabihf/bin/arm-linux-gnueabihf-gcc      CMakeFiles/cmTC_20826.dir/feature_tests.c.obj  -o cmTC_20826 
make[1]: Leaving directory '/home/zyx/repos/rv1126_bsp/projects/rv1126_vi_yolov5_vo/build/CMakeFiles/CMakeTmp'


    Feature record: C_FEATURE:1c_function_prototypes
    Feature record: C_FEATURE:0c_restrict
    Feature record: C_FEATURE:0c_static_assert
    Feature record: C_FEATURE:0c_variadic_macros
Detecting CXX compiler ABI info compiled with the following output:
Change Dir: /home/zyx/repos/rv1126_bsp/projects/rv1126_vi_yolov5_vo/build/CMakeFiles/CMakeTmp

Run Build Command:"/usr/bin/make" "cmTC_5ad05/fast"
/usr/bin/make -f CMakeFiles/cmTC_5ad05.dir/build.make CMakeFiles/cmTC_5ad05.dir/build
make[1]: Entering directory '/home/zyx/repos/rv1126_bsp/projects/rv1126_vi_yolov5_vo/build/CMakeFiles/CMakeTmp'
Building CXX object CMakeFiles/cmTC_5ad05.dir/CMakeCXXCompilerABI.cpp.obj
/home/zyx/toolchain/gcc-arm-8.3-2019.03-x86_64-arm-linux-gnueabihf/bin/arm-linux-gnueabihf-g++     -o CMakeFiles/cmTC_5ad05.dir/CMakeCXXCompilerABI.cpp.obj -c /usr/share/cmake-3.10/Modules/CMakeCXXCompilerABI.cpp
Linking CXX executable cmTC_5ad05
/usr/bin/cmake -E cmake_link_script CMakeFiles/cmTC_5ad05.dir/link.txt --verbose=1
/home/zyx/toolchain/gcc-arm-8.3-2019.03-x86_64-arm-linux-gnueabihf/bin/arm-linux-gnueabihf-g++      -v CMakeFiles/cmTC_5ad05.dir/CMakeCXXCompilerABI.cpp.obj  -o cmTC_5ad05 
Using built-in specs.
COLLECT_GCC=/home/zyx/toolchain/gcc-arm-8.3-2019.03-x86_64-arm-linux-gnueabihf/bin/arm-linux-gnueabihf-g++
COLLECT_LTO_WRAPPER=/home/zyx/toolchain/gcc-arm-8.3-2019.03-x86_64-arm-linux-gnueabihf/bin/../libexec/gcc/arm-linux-gnueabihf/8.3.0/lto-wrapper
Target: arm-linux-gnueabihf
Configured with: /tmp/dgboter/bbs/rhev-vm8--rhe6x86_64/buildbot/rhe6x86_64--arm-linux-gnueabihf/build/src/gcc/configure --target=arm-linux-gnueabihf --prefix= --with-sysroot=/arm-linux-gnueabihf/libc --with-build-sysroot=/tmp/dgboter/bbs/rhev-vm8--rhe6x86_64/buildbot/rhe6x86_64--arm-linux-gnueabihf/build/build-arm-linux-gnueabihf/install//arm-linux-gnueabihf/libc --with-bugurl=https://bugs.linaro.org/ --enable-gnu-indirect-function --enable-shared --disable-libssp --disable-libmudflap --enable-checking=release --enable-languages=c,c++,fortran --with-gmp=/tmp/dgboter/bbs/rhev-vm8--rhe6x86_64/buildbot/rhe6x86_64--arm-linux-gnueabihf/build/build-arm-linux-gnueabihf/host-tools --with-mpfr=/tmp/dgboter/bbs/rhev-vm8--rhe6x86_64/buildbot/rhe6x86_64--arm-linux-gnueabihf/build/build-arm-linux-gnueabihf/host-tools --with-mpc=/tmp/dgboter/bbs/rhev-vm8--rhe6x86_64/buildbot/rhe6x86_64--arm-linux-gnueabihf/build/build-arm-linux-gnueabihf/host-tools --with-isl=/tmp/dgboter/bbs/rhev-vm8--rhe6x86_64/buildbot/rhe6x86_64--arm-linux-gnueabihf/build/build-arm-linux-gnueabihf/host-tools --with-arch=armv7-a --with-fpu=neon --with-float=hard --with-arch=armv7-a --with-pkgversion='GNU Toolchain for the A-profile Architecture 8.3-2019.03 (arm-rel-8.36)'
Thread model: posix
gcc version 8.3.0 (GNU Toolchain for the A-profile Architecture 8.3-2019.03 (arm-rel-8.36)) 
COMPILER_PATH=/home/zyx/toolchain/gcc-arm-8.3-2019.03-x86_64-arm-linux-gnueabihf/bin/../libexec/gcc/arm-linux-gnueabihf/8.3.0/:/home/zyx/toolchain/gcc-arm-8.3-2019.03-x86_64-arm-linux-gnueabihf/bin/../libexec/gcc/:/home/zyx/toolchain/gcc-arm-8.3-2019.03-x86_64-arm-linux-gnueabihf/bin/../lib/gcc/arm-linux-gnueabihf/8.3.0/../../../../arm-linux-gnueabihf/bin/
LIBRARY_PATH=/home/zyx/toolchain/gcc-arm-8.3-2019.03-x86_64-arm-linux-gnueabihf/bin/../lib/gcc/arm-linux-gnueabihf/8.3.0/:/home/zyx/toolchain/gcc-arm-8.3-2019.03-x86_64-arm-linux-gnueabihf/bin/../lib/gcc/:/home/zyx/toolchain/gcc-arm-8.3-2019.03-x86_64-arm-linux-gnueabihf/bin/../lib/gcc/arm-linux-gnueabihf/8.3.0/../../../../arm-linux-gnueabihf/lib/:/home/zyx/toolchain/gcc-arm-8.3-2019.03-x86_64-arm-linux-gnueabihf/bin/../arm-linux-gnueabihf/libc/lib/:/home/zyx/toolchain/gcc-arm-8.3-2019.03-x86_64-arm-linux-gnueabihf/bin/../arm-linux-gnueabihf/libc/usr/lib/
COLLECT_GCC_OPTIONS='-v' '-o' 'cmTC_5ad05' '-shared-libgcc'  '-mfloat-abi=hard' '-mfpu=neon' '-mtls-dialect=gnu' '-marm' '-march=armv7-a+simd'
 /home/zyx/toolchain/gcc-arm-8.3-2019.03-x86_64-arm-linux-gnueabihf/bin/../libexec/gcc/arm-linux-gnueabihf/8.3.0/collect2 -plugin /home/zyx/toolchain/gcc-arm-8.3-2019.03-x86_64-arm-linux-gnueabihf/bin/../libexec/gcc/arm-linux-gnueabihf/8.3.0/liblto_plugin.so -plugin-opt=/home/zyx/toolchain/gcc-arm-8.3-2019.03-x86_64-arm-linux-gnueabihf/bin/../libexec/gcc/arm-linux-gnueabihf/8.3.0/lto-wrapper -plugin-opt=-fresolution=/tmp/ccCADMed.res -plugin-opt=-pass-through=-lgcc_s -plugin-opt=-pass-through=-lgcc -plugin-opt=-pass-through=-lc -plugin-opt=-pass-through=-lgcc_s -plugin-opt=-pass-through=-lgcc --sysroot=/home/zyx/toolchain/gcc-arm-8.3-2019.03-x86_64-arm-linux-gnueabihf/bin/../arm-linux-gnueabihf/libc --eh-frame-hdr -dynamic-linker /lib/ld-linux-armhf.so.3 -X -m armelf_linux_eabi -o cmTC_5ad05 /home/zyx/toolchain/gcc-arm-8.3-2019.03-x86_64-arm-linux-gnueabihf/bin/../arm-linux-gnueabihf/libc/usr/lib/crt1.o /home/zyx/toolchain/gcc-arm-8.3-2019.03-x86_64-arm-linux-gnueabihf/bin/../arm-linux-gnueabihf/libc/usr/lib/crti.o /home/zyx/toolchain/gcc-arm-8.3-2019.03-x86_64-arm-linux-gnueabihf/bin/../lib/gcc/arm-linux-gnueabihf/8.3.0/crtbegin.o -L/home/zyx/toolchain/gcc-arm-8.3-2019.03-x86_64-arm-linux-gnueabihf/bin/../lib/gcc/arm-linux-gnueabihf/8.3.0 -L/home/zyx/toolchain/gcc-arm-8.3-2019.03-x86_64-arm-linux-gnueabihf/bin/../lib/gcc -L/home/zyx/toolchain/gcc-arm-8.3-2019.03-x86_64-arm-linux-gnueabihf/bin/../lib/gcc/arm-linux-gnueabihf/8.3.0/../../../../arm-linux-gnueabihf/lib -L/home/zyx/toolchain/gcc-arm-8.3-2019.03-x86_64-arm-linux-gnueabihf/bin/../arm-linux-gnueabihf/libc/lib -L/home/zyx/toolchain/gcc-arm-8.3-2019.03-x86_64-arm-linux-gnueabihf/bin/../arm-linux-gnueabihf/libc/usr/lib CMakeFiles/cmTC_5ad05.dir/CMakeCXXCompilerABI.cpp.obj -lstdc++ -lm -lgcc_s -lgcc -lc -lgcc_s -lgcc /home/zyx/toolchain/gcc-arm-8.3-2019.03-x86_64-arm-linux-gnueabihf/bin/../lib/gcc/arm-linux-gnueabihf/8.3.0/crtend.o /home/zyx/toolchain/gcc-arm-8.3-2019.03-x86_64-arm-linux-gnueabihf/bin/../arm-linux-gnueabihf/libc/usr/lib/crtn.o
COLLECT_GCC_OPTIONS='-v' '-o' 'cmTC_5ad05' '-shared-libgcc'  '-mfloat-abi=hard' '-mfpu=neon' '-mtls-dialect=gnu' '-marm' '-march=armv7-a+simd'
make[1]: Leaving directory '/home/zyx/repos/rv1126_bsp/projects/rv1126_vi_yolov5_vo/build/CMakeFiles/CMakeTmp'


Parsed CXX implicit link information from above output:
  link line regex: [^( *|.*[/\])(CMAKE_LINKER-NOTFOUND|CMAKE_LINK_STARTFILE-NOTFOUND|([^/\]+-)?ld|collect2)[^/\]*( |$)]
  ignore line: [Change Dir: /home/zyx/repos/rv1126_bsp/projects/rv1126_vi_yolov5_vo/build/CMakeFiles/CMakeTmp]
  ignore line: []
  ignore line: [Run Build Command:"/usr/bin/make" "cmTC_5ad05/fast"]
  ignore line: [/usr/bin/make -f CMakeFiles/cmTC_5ad05.dir/build.make CMakeFiles/cmTC_5ad05.dir/build]
  ignore line: [make[1]: Entering directory '/home/zyx/repos/rv1126_bsp/projects/rv1126_vi_yolov5_vo/build/CMakeFiles/CMakeTmp']
  ignore line: [Building CXX object CMakeFiles/cmTC_5ad05.dir/CMakeCXXCompilerABI.cpp.obj]
  ignore line: [/home/zyx/toolchain/gcc-arm-8.3-2019.03-x86_64-arm-linux-gnueabihf/bin/arm-linux-gnueabihf-g++     -o CMakeFiles/cmTC_5ad05.dir/CMakeCXXCompilerABI.cpp.obj -c /usr/share/cmake-3.10/Modules/CMakeCXXCompilerABI.cpp]
  ignore line: [Linking CXX executable cmTC_5ad05]
  ignore line: [/usr/bin/cmake -E cmake_link_script CMakeFiles/cmTC_5ad05.dir/link.txt --verbose=1]
  ignore line: [/home/zyx/toolchain/gcc-arm-8.3-2019.03-x86_64-arm-linux-gnueabihf/bin/arm-linux-gnueabihf-g++      -v CMakeFiles/cmTC_5ad05.dir/CMakeCXXCompilerABI.cpp.obj  -o cmTC_5ad05 ]
  ignore line: [Using built-in specs.]
  ignore line: [COLLECT_GCC=/home/zyx/toolchain/gcc-arm-8.3-2019.03-x86_64-arm-linux-gnueabihf/bin/arm-linux-gnueabihf-g++]
  ignore line: [COLLECT_LTO_WRAPPER=/home/zyx/toolchain/gcc-arm-8.3-2019.03-x86_64-arm-linux-gnueabihf/bin/../libexec/gcc/arm-linux-gnueabihf/8.3.0/lto-wrapper]
  ignore line: [Target: arm-linux-gnueabihf]
  ignore line: [Configured with: /tmp/dgboter/bbs/rhev-vm8--rhe6x86_64/buildbot/rhe6x86_64--arm-linux-gnueabihf/build/src/gcc/configure --target=arm-linux-gnueabihf --prefix= --with-sysroot=/arm-linux-gnueabihf/libc --with-build-sysroot=/tmp/dgboter/bbs/rhev-vm8--rhe6x86_64/buildbot/rhe6x86_64--arm-linux-gnueabihf/build/build-arm-linux-gnueabihf/install//arm-linux-gnueabihf/libc --with-bugurl=https://bugs.linaro.org/ --enable-gnu-indirect-function --enable-shared --disable-libssp --disable-libmudflap --enable-checking=release --enable-languages=c,c++,fortran --with-gmp=/tmp/dgboter/bbs/rhev-vm8--rhe6x86_64/buildbot/rhe6x86_64--arm-linux-gnueabihf/build/build-arm-linux-gnueabihf/host-tools --with-mpfr=/tmp/dgboter/bbs/rhev-vm8--rhe6x86_64/buildbot/rhe6x86_64--arm-linux-gnueabihf/build/build-arm-linux-gnueabihf/host-tools --with-mpc=/tmp/dgboter/bbs/rhev-vm8--rhe6x86_64/buildbot/rhe6x86_64--arm-linux-gnueabihf/build/build-arm-linux-gnueabihf/host-tools --with-isl=/tmp/dgboter/bbs/rhev-vm8--rhe6x86_64/buildbot/rhe6x86_64--arm-linux-gnueabihf/build/build-arm-linux-gnueabihf/host-tools --with-arch=armv7-a --with-fpu=neon --with-float=hard --with-arch=armv7-a --with-pkgversion='GNU Toolchain for the A-profile Architecture 8.3-2019.03 (arm-rel-8.36)']
  ignore line: [Thread model: posix]
  ignore line: [gcc version 8.3.0 (GNU Toolchain for the A-profile Architecture 8.3-2019.03 (arm-rel-8.36)) ]
  ignore line: [COMPILER_PATH=/home/zyx/toolchain/gcc-arm-8.3-2019.03-x86_64-arm-linux-gnueabihf/bin/../libexec/gcc/arm-linux-gnueabihf/8.3.0/:/home/zyx/toolchain/gcc-arm-8.3-2019.03-x86_64-arm-linux-gnueabihf/bin/../libexec/gcc/:/home/zyx/toolchain/gcc-arm-8.3-2019.03-x86_64-arm-linux-gnueabihf/bin/../lib/gcc/arm-linux-gnueabihf/8.3.0/../../../../arm-linux-gnueabihf/bin/]
  ignore line: [LIBRARY_PATH=/home/zyx/toolchain/gcc-arm-8.3-2019.03-x86_64-arm-linux-gnueabihf/bin/../lib/gcc/arm-linux-gnueabihf/8.3.0/:/home/zyx/toolchain/gcc-arm-8.3-2019.03-x86_64-arm-linux-gnueabihf/bin/../lib/gcc/:/home/zyx/toolchain/gcc-arm-8.3-2019.03-x86_64-arm-linux-gnueabihf/bin/../lib/gcc/arm-linux-gnueabihf/8.3.0/../../../../arm-linux-gnueabihf/lib/:/home/zyx/toolchain/gcc-arm-8.3-2019.03-x86_64-arm-linux-gnueabihf/bin/../arm-linux-gnueabihf/libc/lib/:/home/zyx/toolchain/gcc-arm-8.3-2019.03-x86_64-arm-linux-gnueabihf/bin/../arm-linux-gnueabihf/libc/usr/lib/]
  ignore line: [COLLECT_GCC_OPTIONS='-v' '-o' 'cmTC_5ad05' '-shared-libgcc'  '-mfloat-abi=hard' '-mfpu=neon' '-mtls-dialect=gnu' '-marm' '-march=armv7-a+simd']
  link line: [ /home/zyx/toolchain/gcc-arm-8.3-2019.03-x86_64-arm-linux-gnueabihf/bin/../libexec/gcc/arm-linux-gnueabihf/8.3.0/collect2 -plugin /home/zyx/toolchain/gcc-arm-8.3-2019.03-x86_64-arm-linux-gnueabihf/bin/../libexec/gcc/arm-linux-gnueabihf/8.3.0/liblto_plugin.so -plugin-opt=/home/zyx/toolchain/gcc-arm-8.3-2019.03-x86_64-arm-linux-gnueabihf/bin/../libexec/gcc/arm-linux-gnueabihf/8.3.0/lto-wrapper -plugin-opt=-fresolution=/tmp/ccCADMed.res -plugin-opt=-pass-through=-lgcc_s -plugin-opt=-pass-through=-lgcc -plugin-opt=-pass-through=-lc -plugin-opt=-pass-through=-lgcc_s -plugin-opt=-pass-through=-lgcc --sysroot=/home/zyx/toolchain/gcc-arm-8.3-2019.03-x86_64-arm-linux-gnueabihf/bin/../arm-linux-gnueabihf/libc --eh-frame-hdr -dynamic-linker /lib/ld-linux-armhf.so.3 -X -m armelf_linux_eabi -o cmTC_5ad05 /home/zyx/toolchain/gcc-arm-8.3-2019.03-x86_64-arm-linux-gnueabihf/bin/../arm-linux-gnueabihf/libc/usr/lib/crt1.o /home/zyx/toolchain/gcc-arm-8.3-2019.03-x86_64-arm-linux-gnueabihf/bin/../arm-linux-gnueabihf/libc/usr/lib/crti.o /home/zyx/toolchain/gcc-arm-8.3-2019.03-x86_64-arm-linux-gnueabihf/bin/../lib/gcc/arm-linux-gnueabihf/8.3.0/crtbegin.o -L/home/zyx/toolchain/gcc-arm-8.3-2019.03-x86_64-arm-linux-gnueabihf/bin/../lib/gcc/arm-linux-gnueabihf/8.3.0 -L/home/zyx/toolchain/gcc-arm-8.3-2019.03-x86_64-arm-linux-gnueabihf/bin/../lib/gcc -L/home/zyx/toolchain/gcc-arm-8.3-2019.03-x86_64-arm-linux-gnueabihf/bin/../lib/gcc/arm-linux-gnueabihf/8.3.0/../../../../arm-linux-gnueabihf/lib -L/home/zyx/toolchain/gcc-arm-8.3-2019.03-x86_64-arm-linux-gnueabihf/bin/../arm-linux-gnueabihf/libc/lib -L/home/zyx/toolchain/gcc-arm-8.3-2019.03-x86_64-arm-linux-gnueabihf/bin/../arm-linux-gnueabihf/libc/usr/lib CMakeFiles/cmTC_5ad05.dir/CMakeCXXCompilerABI.cpp.obj -lstdc++ -lm -lgcc_s -lgcc -lc -lgcc_s -lgcc /home/zyx/toolchain/gcc-arm-8.3-2019.03-x86_64-arm-linux-gnueabihf/bin/../lib/gcc/arm-linux-gnueabihf/8.3.0/crtend.o /home/zyx/toolchain/gcc-arm-8.3-2019.03-x86_64-arm-linux-gnueabihf/bin/../arm-linux-gnueabihf/libc/usr/lib/crtn.o]
    arg [/home/zyx/toolchain/gcc-arm-8.3-2019.03-x86_64-arm-linux-gnueabihf/bin/../libexec/gcc/arm-linux-gnueabihf/8.3.0/collect2] ==> ignore
    arg [-plugin] ==> ignore
    arg [/home/zyx/toolchain/gcc-arm-8.3-2019.03-x86_64-arm-linux-gnueabihf/bin/../libexec/gcc/arm-linux-gnueabihf/8.3.0/liblto_plugin.so] ==> ignore
    arg [-plugin-opt=/home/zyx/toolchain/gcc-arm-8.3-2019.03-x86_64-arm-linux-gnueabihf/bin/../libexec/gcc/arm-linux-gnueabihf/8.3.0/lto-wrapper] ==> ignore
    arg [-plugin-opt=-fresolution=/tmp/ccCADMed.res] ==> ignore
    arg [-plugin-opt=-pass-through=-lgcc_s] ==> ignore
    arg [-plugin-opt=-pass-through=-lgcc] ==> ignore
    arg [-plugin-opt=-pass-through=-lc] ==> ignore
    arg [-plugin-opt=-pass-through=-lgcc_s] ==> ignore
    arg [-plugin-opt=-pass-through=-lgcc] ==> ignore
    arg [--sysroot=/home/zyx/toolchain/gcc-arm-8.3-2019.03-x86_64-arm-linux-gnueabihf/bin/../arm-linux-gnueabihf/libc] ==> ignore
    arg [--eh-frame-hdr] ==> ignore
    arg [-dynamic-linker] ==> ignore
    arg [/lib/ld-linux-armhf.so.3] ==> ignore
    arg [-X] ==> ignore
    arg [-m] ==> ignore
    arg [armelf_linux_eabi] ==> ignore
    arg [-o] ==> ignore
    arg [cmTC_5ad05] ==> ignore
    arg [/home/zyx/toolchain/gcc-arm-8.3-2019.03-x86_64-arm-linux-gnueabihf/bin/../arm-linux-gnueabihf/libc/usr/lib/crt1.o] ==> ignore
    arg [/home/zyx/toolchain/gcc-arm-8.3-2019.03-x86_64-arm-linux-gnueabihf/bin/../arm-linux-gnueabihf/libc/usr/lib/crti.o] ==> ignore
    arg [/home/zyx/toolchain/gcc-arm-8.3-2019.03-x86_64-arm-linux-gnueabihf/bin/../lib/gcc/arm-linux-gnueabihf/8.3.0/crtbegin.o] ==> ignore
    arg [-L/home/zyx/toolchain/gcc-arm-8.3-2019.03-x86_64-arm-linux-gnueabihf/bin/../lib/gcc/arm-linux-gnueabihf/8.3.0] ==> dir [/home/zyx/toolchain/gcc-arm-8.3-2019.03-x86_64-arm-linux-gnueabihf/bin/../lib/gcc/arm-linux-gnueabihf/8.3.0]
    arg [-L/home/zyx/toolchain/gcc-arm-8.3-2019.03-x86_64-arm-linux-gnueabihf/bin/../lib/gcc] ==> dir [/home/zyx/toolchain/gcc-arm-8.3-2019.03-x86_64-arm-linux-gnueabihf/bin/../lib/gcc]
    arg [-L/home/zyx/toolchain/gcc-arm-8.3-2019.03-x86_64-arm-linux-gnueabihf/bin/../lib/gcc/arm-linux-gnueabihf/8.3.0/../../../../arm-linux-gnueabihf/lib] ==> dir [/home/zyx/toolchain/gcc-arm-8.3-2019.03-x86_64-arm-linux-gnueabihf/bin/../lib/gcc/arm-linux-gnueabihf/8.3.0/../../../../arm-linux-gnueabihf/lib]
    arg [-L/home/zyx/toolchain/gcc-arm-8.3-2019.03-x86_64-arm-linux-gnueabihf/bin/../arm-linux-gnueabihf/libc/lib] ==> dir [/home/zyx/toolchain/gcc-arm-8.3-2019.03-x86_64-arm-linux-gnueabihf/bin/../arm-linux-gnueabihf/libc/lib]
    arg [-L/home/zyx/toolchain/gcc-arm-8.3-2019.03-x86_64-arm-linux-gnueabihf/bin/../arm-linux-gnueabihf/libc/usr/lib] ==> dir [/home/zyx/toolchain/gcc-arm-8.3-2019.03-x86_64-arm-linux-gnueabihf/bin/../arm-linux-gnueabihf/libc/usr/lib]
    arg [CMakeFiles/cmTC_5ad05.dir/CMakeCXXCompilerABI.cpp.obj] ==> ignore
    arg [-lstdc++] ==> lib [stdc++]
    arg [-lm] ==> lib [m]
    arg [-lgcc_s] ==> lib [gcc_s]
    arg [-lgcc] ==> lib [gcc]
    arg [-lc] ==> lib [c]
    arg [-lgcc_s] ==> lib [gcc_s]
    arg [-lgcc] ==> lib [gcc]
    arg [/home/zyx/toolchain/gcc-arm-8.3-2019.03-x86_64-arm-linux-gnueabihf/bin/../lib/gcc/arm-linux-gnueabihf/8.3.0/crtend.o] ==> ignore
    arg [/home/zyx/toolchain/gcc-arm-8.3-2019.03-x86_64-arm-linux-gnueabihf/bin/../arm-linux-gnueabihf/libc/usr/lib/crtn.o] ==> ignore
  collapse library dir [/home/zyx/toolchain/gcc-arm-8.3-2019.03-x86_64-arm-linux-gnueabihf/bin/../lib/gcc/arm-linux-gnueabihf/8.3.0] ==> [/home/zyx/toolchain/gcc-arm-8.3-2019.03-x86_64-arm-linux-gnueabihf/lib/gcc/arm-linux-gnueabihf/8.3.0]
  collapse library dir [/home/zyx/toolchain/gcc-arm-8.3-2019.03-x86_64-arm-linux-gnueabihf/bin/../lib/gcc] ==> [/home/zyx/toolchain/gcc-arm-8.3-2019.03-x86_64-arm-linux-gnueabihf/lib/gcc]
  collapse library dir [/home/zyx/toolchain/gcc-arm-8.3-2019.03-x86_64-arm-linux-gnueabihf/bin/../lib/gcc/arm-linux-gnueabihf/8.3.0/../../../../arm-linux-gnueabihf/lib] ==> [/home/zyx/toolchain/gcc-arm-8.3-2019.03-x86_64-arm-linux-gnueabihf/arm-linux-gnueabihf/lib]
  collapse library dir [/home/zyx/toolchain/gcc-arm-8.3-2019.03-x86_64-arm-linux-gnueabihf/bin/../arm-linux-gnueabihf/libc/lib] ==> [/home/zyx/toolchain/gcc-arm-8.3-2019.03-x86_64-arm-linux-gnueabihf/arm-linux-gnueabihf/libc/lib]
  collapse library dir [/home/zyx/toolchain/gcc-arm-8.3-2019.03-x86_64-arm-linux-gnueabihf/bin/../arm-linux-gnueabihf/libc/usr/lib] ==> [/home/zyx/toolchain/gcc-arm-8.3-2019.03-x86_64-arm-linux-gnueabihf/arm-linux-gnueabihf/libc/usr/lib]
  implicit libs: [stdc++;m;gcc_s;gcc;c;gcc_s;gcc]
  implicit dirs: [/home/zyx/toolchain/gcc-arm-8.3-2019.03-x86_64-arm-linux-gnueabihf/lib/gcc/arm-linux-gnueabihf/8.3.0;/home/zyx/toolchain/gcc-arm-8.3-2019.03-x86_64-arm-linux-gnueabihf/lib/gcc;/home/zyx/toolchain/gcc-arm-8.3-2019.03-x86_64-arm-linux-gnueabihf/arm-linux-gnueabihf/lib;/home/zyx/toolchain/gcc-arm-8.3-2019.03-x86_64-arm-linux-gnueabihf/arm-linux-gnueabihf/libc/lib;/home/zyx/toolchain/gcc-arm-8.3-2019.03-x86_64-arm-linux-gnueabihf/arm-linux-gnueabihf/libc/usr/lib]
  implicit fwks: []




Detecting CXX [-std=c++1z] compiler features compiled with the following output:
Change Dir: /home/zyx/repos/rv1126_bsp/projects/rv1126_vi_yolov5_vo/build/CMakeFiles/CMakeTmp

Run Build Command:"/usr/bin/make" "cmTC_c8b40/fast"
/usr/bin/make -f CMakeFiles/cmTC_c8b40.dir/build.make CMakeFiles/cmTC_c8b40.dir/build
make[1]: Entering directory '/home/zyx/repos/rv1126_bsp/projects/rv1126_vi_yolov5_vo/build/CMakeFiles/CMakeTmp'
Building CXX object CMakeFiles/cmTC_c8b40.dir/feature_tests.cxx.obj
/home/zyx/toolchain/gcc-arm-8.3-2019.03-x86_64-arm-linux-gnueabihf/bin/arm-linux-gnueabihf-g++    -std=c++1z -o CMakeFiles/cmTC_c8b40.dir/feature_tests.cxx.obj -c /home/zyx/repos/rv1126_bsp/projects/rv1126_vi_yolov5_vo/build/CMakeFiles/feature_tests.cxx
Linking CXX executable cmTC_c8b40
/usr/bin/cmake -E cmake_link_script CMakeFiles/cmTC_c8b40.dir/link.txt --verbose=1
/home/zyx/toolchain/gcc-arm-8.3-2019.03-x86_64-arm-linux-gnueabihf/bin/arm-linux-gnueabihf-g++       CMakeFiles/cmTC_c8b40.dir/feature_tests.cxx.obj  -o cmTC_c8b40 
make[1]: Leaving directory '/home/zyx/repos/rv1126_bsp/projects/rv1126_vi_yolov5_vo/build/CMakeFiles/CMakeTmp'


    Feature record: CXX_FEATURE:1cxx_aggregate_default_initializers
    Feature record: CXX_FEATURE:1cxx_alias_templates
    Feature record: CXX_FEATURE:1cxx_alignas
    Feature record: CXX_FEATURE:1cxx_alignof
    Feature record: CXX_FEATURE:1cxx_attributes
    Feature record: CXX_FEATURE:1cxx_attribute_deprecated
    Feature record: CXX_FEATURE:1cxx_auto_type
    Feature record: CXX_FEATURE:1cxx_binary_literals
    Feature record: CXX_FEATURE:1cxx_constexpr
    Feature record: CXX_FEATURE:1cxx_contextual_conversions
    Feature record: CXX_FEATURE:1cxx_decltype
    Feature record: CXX_FEATURE:1cxx_decltype_auto
    Feature record: CXX_FEATURE:1cxx_decltype_incomplete_return_types
    Feature record: CXX_FEATURE:1cxx_default_function_template_args
    Feature record: CXX_FEATURE:1cxx_defaulted_functions
    Feature record: CXX_FEATURE:1cxx_defaulted_move_initializers
    Feature record: CXX_FEATURE:1cxx_delegating_constructors
    Feature record: CXX_FEATURE:1cxx_deleted_functions
    Feature record: CXX_FEATURE:1cxx_digit_separators
    Feature record: CXX_FEATURE:1cxx_enum_forward_declarations
    Feature record: CXX_FEATURE:1cxx_explicit_conversions
    Feature record: CXX_FEATURE:1cxx_extended_friend_declarations
    Feature record: CXX_FEATURE:1cxx_extern_templates
    Feature record: CXX_FEATURE:1cxx_final
    Feature record: CXX_FEATURE:1cxx_func_identifier
    Feature record: CXX_FEATURE:1cxx_generalized_initializers
    Feature record: CXX_FEATURE:1cxx_generic_lambdas
    Feature record: CXX_FEATURE:1cxx_inheriting_constructors
    Feature record: CXX_FEATURE:1cxx_inline_namespaces
    Feature record: CXX_FEATURE:1cxx_lambdas
    Feature record: CXX_FEATURE:1cxx_lambda_init_captures
    Feature record: CXX_FEATURE:1cxx_local_type_template_args
    Feature record: CXX_FEATURE:1cxx_long_long_type
    Feature record: CXX_FEATURE:1cxx_noexcept
    Feature record: CXX_FEATURE:1cxx_nonstatic_member_init
    Feature record: CXX_FEATURE:1cxx_nullptr
    Feature record: CXX_FEATURE:1cxx_override
    Feature record: CXX_FEATURE:1cxx_range_for
    Feature record: CXX_FEATURE:1cxx_raw_string_literals
    Feature record: CXX_FEATURE:1cxx_reference_qualified_functions
    Feature record: CXX_FEATURE:1cxx_relaxed_constexpr
    Feature record: CXX_FEATURE:1cxx_return_type_deduction
    Feature record: CXX_FEATURE:1cxx_right_angle_brackets
    Feature record: CXX_FEATURE:1cxx_rvalue_references
    Feature record: CXX_FEATURE:1cxx_sizeof_member
    Feature record: CXX_FEATURE:1cxx_static_assert
    Feature record: CXX_FEATURE:1cxx_strong_enums
    Feature record: CXX_FEATURE:1cxx_template_template_parameters
    Feature record: CXX_FEATURE:1cxx_thread_local
    Feature record: CXX_FEATURE:1cxx_trailing_return_types
    Feature record: CXX_FEATURE:1cxx_unicode_literals
    Feature record: CXX_FEATURE:1cxx_uniform_initialization
    Feature record: CXX_FEATURE:1cxx_unrestricted_unions
    Feature record: CXX_FEATURE:1cxx_user_literals
    Feature record: CXX_FEATURE:1cxx_variable_templates
    Feature record: CXX_FEATURE:1cxx_variadic_macros
    Feature record: CXX_FEATURE:1cxx_variadic_templates


Detecting CXX [-std=c++14] compiler features compiled with the following output:
Change Dir: /home/zyx/repos/rv1126_bsp/projects/rv1126_vi_yolov5_vo/build/CMakeFiles/CMakeTmp

Run Build Command:"/usr/bin/make" "cmTC_12f97/fast"
/usr/bin/make -f CMakeFiles/cmTC_12f97.dir/build.make CMakeFiles/cmTC_12f97.dir/build
make[1]: Entering directory '/home/zyx/repos/rv1126_bsp/projects/rv1126_vi_yolov5_vo/build/CMakeFiles/CMakeTmp'
Building CXX object CMakeFiles/cmTC_12f97.dir/feature_tests.cxx.obj
/home/zyx/toolchain/gcc-arm-8.3-2019.03-x86_64-arm-linux-gnueabihf/bin/arm-linux-gnueabihf-g++    -std=c++14 -o CMakeFiles/cmTC_12f97.dir/feature_tests.cxx.obj -c /home/zyx/repos/rv1126_bsp/projects/rv1126_vi_yolov5_vo/build/CMakeFiles/feature_tests.cxx
Linking CXX executable cmTC_12f97
/usr/bin/cmake -E cmake_link_script CMakeFiles/cmTC_12f97.dir/link.txt --verbose=1
/home/zyx/toolchain/gcc-arm-8.3-2019.03-x86_64-arm-linux-gnueabihf/bin/arm-linux-gnueabihf-g++       CMakeFiles/cmTC_12f97.dir/feature_tests.cxx.obj  -o cmTC_12f97 
make[1]: Leaving directory '/home/zyx/repos/rv1126_bsp/projects/rv1126_vi_yolov5_vo/build/CMakeFiles/CMakeTmp'


    Feature record: CXX_FEATURE:1cxx_aggregate_default_initializers
    Feature record: CXX_FEATURE:1cxx_alias_templates
    Feature record: CXX_FEATURE:1cxx_alignas
    Feature record: CXX_FEATURE:1cxx_alignof
    Feature record: CXX_FEATURE:1cxx_attributes
    Feature record: CXX_FEATURE:1cxx_attribute_deprecated
    Feature record: CXX_FEATURE:1cxx_auto_type
    Feature record: CXX_FEATURE:1cxx_binary_literals
    Feature record: CXX_FEATURE:1cxx_constexpr
    Feature record: CXX_FEATURE:1cxx_contextual_conversions
    Feature record: CXX_FEATURE:1cxx_decltype
    Feature record: CXX_FEATURE:1cxx_decltype_auto
    Feature record: CXX_FEATURE:1cxx_decltype_incomplete_return_types
    Feature record: CXX_FEATURE:1cxx_default_function_template_args
    Feature record: CXX_FEATURE:1cxx_defaulted_functions
    Feature record: CXX_FEATURE:1cxx_defaulted_move_initializers
    Feature record: CXX_FEATURE:1cxx_delegating_constructors
    Feature record: CXX_FEATURE:1cxx_deleted_functions
    Feature record: CXX_FEATURE:1cxx_digit_separators
    Feature record: CXX_FEATURE:1cxx_enum_forward_declarations
    Feature record: CXX_FEATURE:1cxx_explicit_conversions
    Feature record: CXX_FEATURE:1cxx_extended_friend_declarations
    Feature record: CXX_FEATURE:1cxx_extern_templates
    Feature record: CXX_FEATURE:1cxx_final
    Feature record: CXX_FEATURE:1cxx_func_identifier
    Feature record: CXX_FEATURE:1cxx_generalized_initializers
    Feature record: CXX_FEATURE:1cxx_generic_lambdas
    Feature record: CXX_FEATURE:1cxx_inheriting_constructors
    Feature record: CXX_FEATURE:1cxx_inline_namespaces
    Feature record: CXX_FEATURE:1cxx_lambdas
    Feature record: CXX_FEATURE:1cxx_lambda_init_captures
    Feature record: CXX_FEATURE:1cxx_local_type_template_args
    Feature record: CXX_FEATURE:1cxx_long_long_type
    Feature record: CXX_FEATURE:1cxx_noexcept
    Feature record: CXX_FEATURE:1cxx_nonstatic_member_init
    Feature record: CXX_FEATURE:1cxx_nullptr
    Feature record: CXX_FEATURE:1cxx_override
    Feature record: CXX_FEATURE:1cxx_range_for
    Feature record: CXX_FEATURE:1cxx_raw_string_literals
    Feature record: CXX_FEATURE:1cxx_reference_qualified_functions
    Feature record: CXX_FEATURE:1cxx_relaxed_constexpr
    Feature record: CXX_FEATURE:1cxx_return_type_deduction
    Feature record: CXX_FEATURE:1cxx_right_angle_brackets
    Feature record: CXX_FEATURE:1cxx_rvalue_references
    Feature record: CXX_FEATURE:1cxx_sizeof_member
    Feature record: CXX_FEATURE:1cxx_static_assert
    Feature record: CXX_FEATURE:1cxx_strong_enums
    Feature record: CXX_FEATURE:1cxx_template_template_parameters
    Feature record: CXX_FEATURE:1cxx_thread_local
    Feature record: CXX_FEATURE:1cxx_trailing_return_types
    Feature record: CXX_FEATURE:1cxx_unicode_literals
    Feature record: CXX_FEATURE:1cxx_uniform_initialization
    Feature record: CXX_FEATURE:1cxx_unrestricted_unions
    Feature record: CXX_FEATURE:1cxx_user_literals
    Feature record: CXX_FEATURE:1cxx_variable_templates
    Feature record: CXX_FEATURE:1cxx_variadic_macros
    Feature record: CXX_FEATURE:1cxx_variadic_templates


Detecting CXX [-std=c++11] compiler features compiled with the following output:
Change Dir: /home/zyx/repos/rv1126_bsp/projects/rv1126_vi_yolov5_vo/build/CMakeFiles/CMakeTmp

Run Build Command:"/usr/bin/make" "cmTC_a8d18/fast"
/usr/bin/make -f CMakeFiles/cmTC_a8d18.dir/build.make CMakeFiles/cmTC_a8d18.dir/build
make[1]: Entering directory '/home/zyx/repos/rv1126_bsp/projects/rv1126_vi_yolov5_vo/build/CMakeFiles/CMakeTmp'
Building CXX object CMakeFiles/cmTC_a8d18.dir/feature_tests.cxx.obj
/home/zyx/toolchain/gcc-arm-8.3-2019.03-x86_64-arm-linux-gnueabihf/bin/arm-linux-gnueabihf-g++    -std=c++11 -o CMakeFiles/cmTC_a8d18.dir/feature_tests.cxx.obj -c /home/zyx/repos/rv1126_bsp/projects/rv1126_vi_yolov5_vo/build/CMakeFiles/feature_tests.cxx
Linking CXX executable cmTC_a8d18
/usr/bin/cmake -E cmake_link_script CMakeFiles/cmTC_a8d18.dir/link.txt --verbose=1
/home/zyx/toolchain/gcc-arm-8.3-2019.03-x86_64-arm-linux-gnueabihf/bin/arm-linux-gnueabihf-g++       CMakeFiles/cmTC_a8d18.dir/feature_tests.cxx.obj  -o cmTC_a8d18 
make[1]: Leaving directory '/home/zyx/repos/rv1126_bsp/projects/rv1126_vi_yolov5_vo/build/CMakeFiles/CMakeTmp'


    Feature record: CXX_FEATURE:0cxx_aggregate_default_initializers
    Feature record: CXX_FEATURE:1cxx_alias_templates
    Feature record: CXX_FEATURE:1cxx_alignas
    Feature record: CXX_FEATURE:1cxx_alignof
    Feature record: CXX_FEATURE:1cxx_attributes
    Feature record: CXX_FEATURE:0cxx_attribute_deprecated
    Feature record: CXX_FEATURE:1cxx_auto_type
    Feature record: CXX_FEATURE:0cxx_binary_literals
    Feature record: CXX_FEATURE:1cxx_constexpr
    Feature record: CXX_FEATURE:0cxx_contextual_conversions
    Feature record: CXX_FEATURE:1cxx_decltype
    Feature record: CXX_FEATURE:0cxx_decltype_auto
    Feature record: CXX_FEATURE:1cxx_decltype_incomplete_return_types
    Feature record: CXX_FEATURE:1cxx_default_function_template_args
    Feature record: CXX_FEATURE:1cxx_defaulted_functions
    Feature record: CXX_FEATURE:1cxx_defaulted_move_initializers
    Feature record: CXX_FEATURE:1cxx_delegating_constructors
    Feature record: CXX_FEATURE:1cxx_deleted_functions
    Feature record: CXX_FEATURE:0cxx_digit_separators
    Feature record: CXX_FEATURE:1cxx_enum_forward_declarations
    Feature record: CXX_FEATURE:1cxx_explicit_conversions
    Feature record: CXX_FEATURE:1cxx_extended_friend_declarations
    Feature record: CXX_FEATURE:1cxx_extern_templates
    Feature record: CXX_FEATURE:1cxx_final
    Feature record: CXX_FEATURE:1cxx_func_identifier
    Feature record: CXX_FEATURE:1cxx_generalized_initializers
    Feature record: CXX_FEATURE:0cxx_generic_lambdas
    Feature record: CXX_FEATURE:1cxx_inheriting_constructors
    Feature record: CXX_FEATURE:1cxx_inline_namespaces
    Feature record: CXX_FEATURE:1cxx_lambdas
    Feature record: CXX_FEATURE:0cxx_lambda_init_captures
    Feature record: CXX_FEATURE:1cxx_local_type_template_args
    Feature record: CXX_FEATURE:1cxx_long_long_type
    Feature record: CXX_FEATURE:1cxx_noexcept
    Feature record: CXX_FEATURE:1cxx_nonstatic_member_init
    Feature record: CXX_FEATURE:1cxx_nullptr
    Feature record: CXX_FEATURE:1cxx_override
    Feature record: CXX_FEATURE:1cxx_range_for
    Feature record: CXX_FEATURE:1cxx_raw_string_literals
    Feature record: CXX_FEATURE:1cxx_reference_qualified_functions
    Feature record: CXX_FEATURE:0cxx_relaxed_constexpr
    Feature record: CXX_FEATURE:0cxx_return_type_deduction
    Feature record: CXX_FEATURE:1cxx_right_angle_brackets
    Feature record: CXX_FEATURE:1cxx_rvalue_references
    Feature record: CXX_FEATURE:1cxx_sizeof_member
    Feature record: CXX_FEATURE:1cxx_static_assert
    Feature record: CXX_FEATURE:1cxx_strong_enums
    Feature record: CXX_FEATURE:1cxx_template_template_parameters
    Feature record: CXX_FEATURE:1cxx_thread_local
    Feature record: CXX_FEATURE:1cxx_trailing_return_types
    Feature record: CXX_FEATURE:1cxx_unicode_literals
    Feature record: CXX_FEATURE:1cxx_uniform_initialization
    Feature record: CXX_FEATURE:1cxx_unrestricted_unions
    Feature record: CXX_FEATURE:1cxx_user_literals
    Feature record: CXX_FEATURE:0cxx_variable_templates
    Feature record: CXX_FEATURE:1cxx_variadic_macros
    Feature record: CXX_FEATURE:1cxx_variadic_templates


Detecting CXX [-std=c++98] compiler features compiled with the following output:
Change Dir: /home/zyx/repos/rv1126_bsp/projects/rv1126_vi_yolov5_vo/build/CMakeFiles/CMakeTmp

Run Build Command:"/usr/bin/make" "cmTC_78209/fast"
/usr/bin/make -f CMakeFiles/cmTC_78209.dir/build.make CMakeFiles/cmTC_78209.dir/build
make[1]: Entering directory '/home/zyx/repos/rv1126_bsp/projects/rv1126_vi_yolov5_vo/build/CMakeFiles/CMakeTmp'
Building CXX object CMakeFiles/cmTC_78209.dir/feature_tests.cxx.obj
/home/zyx/toolchain/gcc-arm-8.3-2019.03-x86_64-arm-linux-gnueabihf/bin/arm-linux-gnueabihf-g++    -std=c++98 -o CMakeFiles/cmTC_78209.dir/feature_tests.cxx.obj -c /home/zyx/repos/rv1126_bsp/projects/rv1126_vi_yolov5_vo/build/CMakeFiles/feature_tests.cxx
Linking CXX executable cmTC_78209
/usr/bin/cmake -E cmake_link_script CMakeFiles/cmTC_78209.dir/link.txt --verbose=1
/home/zyx/toolchain/gcc-arm-8.3-2019.03-x86_64-arm-linux-gnueabihf/bin/arm-linux-gnueabihf-g++       CMakeFiles/cmTC_78209.dir/feature_tests.cxx.obj  -o cmTC_78209 
make[1]: Leaving directory '/home/zyx/repos/rv1126_bsp/projects/rv1126_vi_yolov5_vo/build/CMakeFiles/CMakeTmp'


    Feature record: CXX_FEATURE:0cxx_aggregate_default_initializers
    Feature record: CXX_FEATURE:0cxx_alias_templates
    Feature record: CXX_FEATURE:0cxx_alignas
    Feature record: CXX_FEATURE:0cxx_alignof
    Feature record: CXX_FEATURE:0cxx_attributes
    Feature record: CXX_FEATURE:0cxx_attribute_deprecated
    Feature record: CXX_FEATURE:0cxx_auto_type
    Feature record: CXX_FEATURE:0cxx_binary_literals
    Feature record: CXX_FEATURE:0cxx_constexpr
    Feature record: CXX_FEATURE:0cxx_contextual_conversions
    Feature record: CXX_FEATURE:0cxx_decltype
    Feature record: CXX_FEATURE:0cxx_decltype_auto
    Feature record: CXX_FEATURE:0cxx_decltype_incomplete_return_types
    Feature record: CXX_FEATURE:0cxx_default_function_template_args
    Feature record: CXX_FEATURE:0cxx_defaulted_functions
    Feature record: CXX_FEATURE:0cxx_defaulted_move_initializers
    Feature record: CXX_FEATURE:0cxx_delegating_constructors
    Feature record: CXX_FEATURE:0cxx_deleted_functions
    Feature record: CXX_FEATURE:0cxx_digit_separators
    Feature record: CXX_FEATURE:0cxx_enum_forward_declarations
    Feature record: CXX_FEATURE:0cxx_explicit_conversions
    Feature record: CXX_FEATURE:0cxx_extended_friend_declarations
    Feature record: CXX_FEATURE:0cxx_extern_templates
    Feature record: CXX_FEATURE:0cxx_final
    Feature record: CXX_FEATURE:0cxx_func_identifier
    Feature record: CXX_FEATURE:0cxx_generalized_initializers
    Feature record: CXX_FEATURE:0cxx_generic_lambdas
    Feature record: CXX_FEATURE:0cxx_inheriting_constructors
    Feature record: CXX_FEATURE:0cxx_inline_namespaces
    Feature record: CXX_FEATURE:0cxx_lambdas
    Feature record: CXX_FEATURE:0cxx_lambda_init_captures
    Feature record: CXX_FEATURE:0cxx_local_type_template_args
    Feature record: CXX_FEATURE:0cxx_long_long_type
    Feature record: CXX_FEATURE:0cxx_noexcept
    Feature record: CXX_FEATURE:0cxx_nonstatic_member_init
    Feature record: CXX_FEATURE:0cxx_nullptr
    Feature record: CXX_FEATURE:0cxx_override
    Feature record: CXX_FEATURE:0cxx_range_for
    Feature record: CXX_FEATURE:0cxx_raw_string_literals
    Feature record: CXX_FEATURE:0cxx_reference_qualified_functions
    Feature record: CXX_FEATURE:0cxx_relaxed_constexpr
    Feature record: CXX_FEATURE:0cxx_return_type_deduction
    Feature record: CXX_FEATURE:0cxx_right_angle_brackets
    Feature record: CXX_FEATURE:0cxx_rvalue_references
    Feature record: CXX_FEATURE:0cxx_sizeof_member
    Feature record: CXX_FEATURE:0cxx_static_assert
    Feature record: CXX_FEATURE:0cxx_strong_enums
    Feature record: CXX_FEATURE:1cxx_template_template_parameters
    Feature record: CXX_FEATURE:0cxx_thread_local
    Feature record: CXX_FEATURE:0cxx_trailing_return_types
    Feature record: CXX_FEATURE:0cxx_unicode_literals
    Feature record: CXX_FEATURE:0cxx_uniform_initialization
    Feature record: CXX_FEATURE:0cxx_unrestricted_unions
    Feature record: CXX_FEATURE:0cxx_user_literals
    Feature record: CXX_FEATURE:0cxx_variable_templates
    Feature record: CXX_FEATURE:0cxx_variadic_macros
    Feature record: CXX_FEATURE:0cxx_variadic_templates
